#
# A fatal error has been detected by the Java Runtime Environment:
#
#  SIGSEGV (0xb) at pc=0x00007f2da9f430ad, pid=143038, tid=143054
#
# JRE version: OpenJDK Runtime Environment (11.0.11+9) (build 11.0.11+9-Ubuntu-0ubuntu2.20.04)
# Java VM: OpenJDK 64-Bit Server VM (11.0.11+9-Ubuntu-0ubuntu2.20.04, mixed mode, sharing, tiered, compressed oops, g1 gc, linux-amd64)
# Problematic frame:
# C  [libjimage.so+0x30ad]
#
# Core dump will be written. Default location: Core dumps may be processed with "/usr/share/apport/apport %p %s %c %d %P %E" (or dumping to /home/cyprien/Projet_PLA/pla/Automata/core.143038)
#
# If you would like to submit a bug report, please visit:
#   https://bugs.launchpad.net/ubuntu/+source/openjdk-lts
#

---------------  S U M M A R Y ------------

Command Line: -agentlib:jdwp=transport=dt_socket,suspend=y,address=localhost:35307 -javaagent:/home/cyprien/.eclipse/360744286_linux_gtk_x86_64/configuration/org.eclipse.osgi/222/0/.cp/lib/javaagent-shaded.jar -Dfile.encoding=UTF-8 Controller.Game

Host: Intel(R) Core(TM) i5-7300HQ CPU @ 2.50GHz, 3 cores, 3G, Ubuntu 20.04.2 LTS
Time: Thu Jun 17 11:51:38 2021 CEST elapsed time: 45.932134 seconds (0d 0h 0m 45s)

---------------  T H R E A D  ---------------

Current thread (0x00007f2da4125000):  JavaThread "Signal Dispatcher" daemon [_thread_in_vm, id=143054, stack(0x00007f2d8c295000,0x00007f2d8c396000)]

Stack: [0x00007f2d8c295000,0x00007f2d8c396000],  sp=0x00007f2d8c3931f0,  free space=1016k
Native frames: (J=compiled Java code, A=aot compiled Java code, j=interpreted, Vv=VM code, C=native code)
C  [libjimage.so+0x30ad]
C  [libjimage.so+0x3da2]
C  [libjimage.so+0x4291]  JIMAGE_FindResource+0xf1
