#
# A fatal error has been detected by the Java Runtime Environment:
#
#  SIGSEGV (0xb) at pc=0x00007fbe0b6140ad, pid=130063, tid=130082
#
# JRE version: OpenJDK Runtime Environment (11.0.11+9) (build 11.0.11+9-Ubuntu-0ubuntu2.20.04)
# Java VM: OpenJDK 64-Bit Server VM (11.0.11+9-Ubuntu-0ubuntu2.20.04, mixed mode, sharing, tiered, compressed oops, g1 gc, linux-amd64)
# Problematic frame:
# C  [libjimage.so+0x30ad]
#
# Core dump will be written. Default location: Core dumps may be processed with "/usr/share/apport/apport %p %s %c %d %P %E" (or dumping to /home/cyprien/Projet_PLA/pla/Automata/core.130063)
#
# If you would like to submit a bug report, please visit:
#   https://bugs.launchpad.net/ubuntu/+source/openjdk-lts
#

---------------  S U M M A R Y ------------

Command Line: -agentlib:jdwp=transport=dt_socket,suspend=y,address=localhost:42637 -javaagent:/home/cyprien/.eclipse/360744286_linux_gtk_x86_64/configuration/org.eclipse.osgi/222/0/.cp/lib/javaagent-shaded.jar -Dfile.encoding=UTF-8 Tests.TestParseur

Host: Intel(R) Core(TM) i5-7300HQ CPU @ 2.50GHz, 3 cores, 3G, Ubuntu 20.04.2 LTS
Time: Tue Jun 15 17:41:13 2021 CEST elapsed time: 58.834640 seconds (0d 0h 0m 58s)

---------------  T H R E A D  ---------------

Current thread (0x00007fbe04125000):  JavaThread "Signal Dispatcher" daemon [_thread_in_vm, id=130082, stack(0x00007fbdec397000,0x00007fbdec498000)]

Stack: [0x00007fbdec397000,0x00007fbdec498000],  sp=0x00007fbdec4951f0,  free space=1016k
Native frames: (J=compiled Java code, A=aot compiled Java code, j=interpreted, Vv=VM code, C=native code)
C  [libjimage.so+0x30ad]
C  [libjimage.so+0x3da2]
C  [libjimage.so+0x4291]  JIMAGE_FindResource+0xf1
V  [libjvm.so+0x5b0731]
V  [libjvm.so+0x5b2ee1]
V  [libjvm.so+0xdea23d]
V  [libjvm.so+0xde8dca]
V  [libjvm.so+0xdeb38b]
V  [libjvm.so+0x6624ce]
V  [libjvm.so+0x850e76]
j  jdk.internal.misc.Signal.dispatch(I)V+25 java.base@11.0.11
v  ~StubRoutines::call_stub
V  [libjvm.so+0x859b69]
V  [libjvm.so+0x858b82]
V  [libjvm.so+0xbc8b4e]
V  [libjvm.so+0xe2105f]
V  [libjvm.so+0xe1d690]
V  [libjvm.so+0xbdac76]

Java frames: (J=compiled Java code, j=interpreted, Vv=VM code)
j  jdk.internal.misc.Signal.dispatch(I)V+25 java.base@11.0.11
v  ~StubRoutines::call_stub

siginfo: si_signo: 11 (SIGSEGV), si_code: 1 (SEGV_MAPERR), si_addr: 0x00007fbdfb87e8e0

Register to memory mapping:

RAX=0x0000000000001a31 is an unknown value
RBX=0x00007fbdec4952a1 is pointing into the stack for thread: 0x00007fbe04125000
RCX=0x00007fbdec4952c3 is pointing into the stack for thread: 0x00007fbe04125000
RDX=0x0000000000001a31 is an unknown value
RSP=0x00007fbdec4951f0 is pointing into the stack for thread: 0x00007fbe04125000
RBP=0x00007fbdec495210 is pointing into the stack for thread: 0x00007fbe04125000
RSI=0x0 is NULL
RDI=0x00007fbe0b619030: <offset 0x0000000000008030> in /usr/lib/jvm/java-11-openjdk-amd64/lib/libjimage.so at 0x00007fbe0b611000
R8 =0x00007fbdfb87801c is an unknown value
R9 =0x00007fbdec4960b0 is pointing into the stack for thread: 0x00007fbe04125000
R10=0x00007fbe0c9e4460: <offset 0x0000000000f45460> in /usr/lib/jvm/java-11-openjdk-amd64/lib/server/libjvm.so at 0x00007fbe0ba9f000
R11=0x00007fbdec496418 is pointing into the stack for thread: 0x00007fbe04125000
R12=0x000000000000843b is an unknown value
R13=0x00007fbdec4952a0 is pointing into the stack for thread: 0x00007fbe04125000
R14=0x0 is NULL
R15=0x00007fbe041257c0 points into unknown readable memory: 0x65746e692f6b646a | 6a 64 6b 2f 69 6e 74 65


Registers:
RAX=0x0000000000001a31, RBX=0x00007fbdec4952a1, RCX=0x00007fbdec4952c3, RDX=0x0000000000001a31
RSP=0x00007fbdec4951f0, RBP=0x00007fbdec495210, RSI=0x0000000000000000, RDI=0x00007fbe0b619030
R8 =0x00007fbdfb87801c, R9 =0x00007fbdec4960b0, R10=0x00007fbe0c9e4460, R11=0x00007fbdec496418
R12=0x000000000000843b, R13=0x00007fbdec4952a0, R14=0x0000000000000000, R15=0x00007fbe041257c0
RIP=0x00007fbe0b6140ad, EFLAGS=0x0000000000010246, CSGSFS=0x002b000000000033, ERR=0x0000000000000004
  TRAPNO=0x000000000000000e

Top of Stack: (sp=0x00007fbdec4951f0)
0x00007fbdec4951f0:   0000000000000000 00007fbdec496338
0x00007fbdec495200:   00007fbe04009fc0 00007fbdec4952a0
0x00007fbdec495210:   00007fbdec495280 00007fbe0b614da2
0x00007fbdec495220:   0000000000000000 0000000000000000 

Instructions: (pc=0x00007fbe0b6140ad)
0x00007fbe0b613fad:   f3 ff ff 44 03 65 90 e9 3f fe ff ff 0f 1f 80 00
0x00007fbe0b613fbd:   00 00 00 41 8b 10 41 89 55 00 41 8b 54 00 fc 41
0x00007fbe0b613fcd:   89 54 05 fc e9 82 fc ff ff 66 2e 0f 1f 84 00 00
0x00007fbe0b613fdd:   00 00 00 b9 0a 00 00 00 e9 f0 fc ff ff 41 0f b7
0x00007fbe0b613fed:   54 00 fe 66 41 89 54 05 fe e9 5d fc ff ff 0f 1f
0x00007fbe0b613ffd:   44 00 00 f3 0f 1e fa 0f b6 17 89 f0 89 f1 4c 8d
0x00007fbe0b61400d:   47 01 84 d2 74 1c 0f 1f 44 00 00 69 c9 93 01 00
0x00007fbe0b61401d:   01 49 83 c0 01 31 d1 41 0f b6 50 ff 84 d2 75 eb
0x00007fbe0b61402d:   89 c8 25 ff ff ff 7f c3 90 66 2e 0f 1f 84 00 00
0x00007fbe0b61403d:   00 00 00 f3 0f 1e fa 48 85 d2 0f 84 da 00 00 00
0x00007fbe0b61404d:   55 48 89 e5 41 55 41 54 41 89 cc 53 48 83 ec 08
0x00007fbe0b61405d:   85 c9 0f 84 ba 00 00 00 49 89 f5 48 8d 5e 01 0f
0x00007fbe0b61406d:   b6 36 49 89 d0 40 84 f6 0f 84 9d 00 00 00 48 89
0x00007fbe0b61407d:   d9 b8 93 01 00 01 0f 1f 44 00 00 69 d0 93 01 00
0x00007fbe0b61408d:   01 48 83 c1 01 40 0f b6 c6 0f b6 71 ff 31 d0 40
0x00007fbe0b61409d:   84 f6 75 e7 25 ff ff ff 7f 31 d2 41 f7 f4 89 d0
0x00007fbe0b6140ad:   41 8b 34 80 48 8b 07 ff 50 20 85 c0 7f 15 74 62
0x00007fbe0b6140bd:   f7 d0 41 89 c0 48 83 c4 08 44 89 c0 5b 41 5c 41
0x00007fbe0b6140cd:   5d 5d c3 41 0f b6 4d 00 89 c6 84 c9 74 1b 0f 1f
0x00007fbe0b6140dd:   44 00 00 69 f6 93 01 00 01 48 83 c3 01 31 ce 0f
0x00007fbe0b6140ed:   b6 4b ff 84 c9 75 ec 89 f0 25 ff ff ff 7f 31 d2
0x00007fbe0b6140fd:   48 83 c4 08 41 f7 f4 5b 41 5c 41 5d 5d 41 89 d0
0x00007fbe0b61410d:   44 89 c0 c3 0f 1f 80 00 00 00 00 b8 93 01 00 01
0x00007fbe0b61411d:   eb 87 41 b8 ff ff ff ff eb 9b 41 83 c8 ff 44 89
0x00007fbe0b61412d:   c0 c3 90 f3 0f 1e fa eb 1d 66 2e 0f 1f 84 00 00
0x00007fbe0b61413d:   00 00 00 0f b6 16 84 d2 74 13 38 c2 75 15 48 83
0x00007fbe0b61414d:   c7 01 48 83 c6 01 0f b6 07 84 c0 75 e6 48 89 f8
0x00007fbe0b61415d:   c3 66 90 31 c0 c3 90 66 66 2e 0f 1f 84 00 00 00
0x00007fbe0b61416d:   00 00 90 f3 0f 1e fa 48 85 f6 74 51 0f b6 06 84
0x00007fbe0b61417d:   c0 74 4a 0f b6 d0 83 e0 07 c1 fa 03 44 8d 50 01
0x00007fbe0b61418d:   0f b6 c0 41 89 d1 4c 8d 44 06 02 48 8d 56 01 31
0x00007fbe0b61419d:   c0 66 90 0f b6 0a 48 c1 e0 08 48 83 c2 01 48 09 


Stack slot to memory mapping:
stack at sp + 0 slots: 0x0 is NULL
stack at sp + 1 slots: 0x00007fbdec496338 is pointing into the stack for thread: 0x00007fbe04125000
stack at sp + 2 slots: 0x00007fbe04009fc0 points into unknown readable memory: 0x00007fbda80084b0 | b0 84 00 a8 bd 7f 00 00
stack at sp + 3 slots: 0x00007fbdec4952a0 is pointing into the stack for thread: 0x00007fbe04125000
stack at sp + 4 slots: 0x00007fbdec495280 is pointing into the stack for thread: 0x00007fbe04125000
stack at sp + 5 slots: 0x00007fbe0b614da2: <offset 0x0000000000003da2> in /usr/lib/jvm/java-11-openjdk-amd64/lib/libjimage.so at 0x00007fbe0b611000
stack at sp + 6 slots: 0x0 is NULL
stack at sp + 7 slots: 0x0 is NULL


---------------  P R O C E S S  ---------------

Threads class SMR info:
_java_thread_list=0x00007fbda0001670, length=11, elements={
0x00007fbe04018000, 0x00007fbe0411c000, 0x00007fbe0411e000, 0x00007fbe04125000,
0x00007fbe04127000, 0x00007fbe04129000, 0x00007fbe0412b000, 0x00007fbe0412d000,
0x00007fbe04143000, 0x00007fbe0418c800, 0x00007fbe04191000
}

Java Threads: ( => current thread )
  0x00007fbe04018000 JavaThread "main" [_thread_blocked, id=130073, stack(0x00007fbe0b653000,0x00007fbe0b754000)]
  0x00007fbe0411c000 JavaThread "Reference Handler" daemon [_thread_blocked, id=130080, stack(0x00007fbdec599000,0x00007fbdec69a000)]
  0x00007fbe0411e000 JavaThread "Finalizer" daemon [_thread_blocked, id=130081, stack(0x00007fbdec498000,0x00007fbdec599000)]
=>0x00007fbe04125000 JavaThread "Signal Dispatcher" daemon [_thread_in_vm, id=130082, stack(0x00007fbdec397000,0x00007fbdec498000)]
  0x00007fbe04127000 JavaThread "Service Thread" daemon [_thread_blocked, id=130083, stack(0x00007fbdec296000,0x00007fbdec397000)]
  0x00007fbe04129000 JavaThread "C2 CompilerThread0" daemon [_thread_blocked, id=130084, stack(0x00007fbdec195000,0x00007fbdec296000)]
  0x00007fbe0412b000 JavaThread "C1 CompilerThread0" daemon [_thread_blocked, id=130085, stack(0x00007fbdec094000,0x00007fbdec195000)]
  0x00007fbe0412d000 JavaThread "Sweeper thread" daemon [_thread_blocked, id=130086, stack(0x00007fbddd712000,0x00007fbddd813000)]
  0x00007fbe04143000 JavaThread "Common-Cleaner" daemon [_thread_blocked, id=130088, stack(0x00007fbddd611000,0x00007fbddd712000)]
  0x00007fbe0418c800 JavaThread "JDWP Transport Listener: dt_socket" daemon [_thread_in_native, id=130090, stack(0x00007fbddd510000,0x00007fbddd611000)]
  0x00007fbe04191000 JavaThread "JDWP Event Helper Thread" daemon [_thread_blocked, id=130093, stack(0x00007fbddd40f000,0x00007fbddd510000)]

Other Threads:
  0x00007fbe04119800 VMThread "VM Thread" [stack: 0x00007fbdec69c000,0x00007fbdec79c000] [id=130079]
  0x00007fbe0423b000 WatcherThread [stack: 0x00007fbddd20e000,0x00007fbddd30e000] [id=130097]
  0x00007fbe0402f800 GCTaskThread "GC Thread#0" [stack: 0x00007fbe0b2bb000,0x00007fbe0b3bb000] [id=130074]
  0x00007fbe04048800 ConcurrentGCThread "G1 Main Marker" [stack: 0x00007fbe08e3d000,0x00007fbe08f3d000] [id=130075]
  0x00007fbe0404a000 ConcurrentGCThread "G1 Conc#0" [stack: 0x00007fbe08d3b000,0x00007fbe08e3b000] [id=130076]
  0x00007fbe04084800 ConcurrentGCThread "G1 Refine#0" [stack: 0x00007fbe08936000,0x00007fbe08a36000] [id=130077]
  0x00007fbe04086800 ConcurrentGCThread "G1 Young RemSet Sampling" [stack: 0x00007fbe08834000,0x00007fbe08934000] [id=130078]

Threads with active compile tasks:

VM state:not at safepoint (normal execution)

VM Mutex/Monitor currently owned by a thread: None

Heap address: 0x00000000c9800000, size: 872 MB, Compressed Oops mode: 32-bit
Narrow klass base: 0x0000000800000000, Narrow klass shift: 3
Compressed class space size: 1073741824 Address: 0x0000000840000000

Heap:
 garbage-first heap   total 59392K, used 6856K [0x00000000c9800000, 0x0000000100000000)
  region size 1024K, 7 young (7168K), 0 survivors (0K)
 Metaspace       used 3284K, capacity 5321K, committed 5504K, reserved 1056768K
  class space    used 311K, capacity 516K, committed 640K, reserved 1048576K
Heap Regions: E=young(eden), S=young(survivor), O=old, HS=humongous(starts), HC=humongous(continues), CS=collection set, F=free, A=archive, TAMS=top-at-mark-start (previous, next)
|   0|0x00000000c9800000, 0x00000000c9800000, 0x00000000c9900000|  0%| F|  |TAMS 0x00000000c9800000, 0x00000000c9800000| Untracked 
|   1|0x00000000c9900000, 0x00000000c9900000, 0x00000000c9a00000|  0%| F|  |TAMS 0x00000000c9900000, 0x00000000c9900000| Untracked 
|   2|0x00000000c9a00000, 0x00000000c9a00000, 0x00000000c9b00000|  0%| F|  |TAMS 0x00000000c9a00000, 0x00000000c9a00000| Untracked 
|   3|0x00000000c9b00000, 0x00000000c9b00000, 0x00000000c9c00000|  0%| F|  |TAMS 0x00000000c9b00000, 0x00000000c9b00000| Untracked 
|   4|0x00000000c9c00000, 0x00000000c9c00000, 0x00000000c9d00000|  0%| F|  |TAMS 0x00000000c9c00000, 0x00000000c9c00000| Untracked 
|   5|0x00000000c9d00000, 0x00000000c9d00000, 0x00000000c9e00000|  0%| F|  |TAMS 0x00000000c9d00000, 0x00000000c9d00000| Untracked 
|   6|0x00000000c9e00000, 0x00000000c9e00000, 0x00000000c9f00000|  0%| F|  |TAMS 0x00000000c9e00000, 0x00000000c9e00000| Untracked 
|   7|0x00000000c9f00000, 0x00000000c9f00000, 0x00000000ca000000|  0%| F|  |TAMS 0x00000000c9f00000, 0x00000000c9f00000| Untracked 
|   8|0x00000000ca000000, 0x00000000ca000000, 0x00000000ca100000|  0%| F|  |TAMS 0x00000000ca000000, 0x00000000ca000000| Untracked 
|   9|0x00000000ca100000, 0x00000000ca100000, 0x00000000ca200000|  0%| F|  |TAMS 0x00000000ca100000, 0x00000000ca100000| Untracked 
|  10|0x00000000ca200000, 0x00000000ca200000, 0x00000000ca300000|  0%| F|  |TAMS 0x00000000ca200000, 0x00000000ca200000| Untracked 
|  11|0x00000000ca300000, 0x00000000ca300000, 0x00000000ca400000|  0%| F|  |TAMS 0x00000000ca300000, 0x00000000ca300000| Untracked 
|  12|0x00000000ca400000, 0x00000000ca400000, 0x00000000ca500000|  0%| F|  |TAMS 0x00000000ca400000, 0x00000000ca400000| Untracked 
|  13|0x00000000ca500000, 0x00000000ca500000, 0x00000000ca600000|  0%| F|  |TAMS 0x00000000ca500000, 0x00000000ca500000| Untracked 
|  14|0x00000000ca600000, 0x00000000ca600000, 0x00000000ca700000|  0%| F|  |TAMS 0x00000000ca600000, 0x00000000ca600000| Untracked 
|  15|0x00000000ca700000, 0x00000000ca700000, 0x00000000ca800000|  0%| F|  |TAMS 0x00000000ca700000, 0x00000000ca700000| Untracked 
|  16|0x00000000ca800000, 0x00000000ca800000, 0x00000000ca900000|  0%| F|  |TAMS 0x00000000ca800000, 0x00000000ca800000| Untracked 
|  17|0x00000000ca900000, 0x00000000ca900000, 0x00000000caa00000|  0%| F|  |TAMS 0x00000000ca900000, 0x00000000ca900000| Untracked 
|  18|0x00000000caa00000, 0x00000000caa00000, 0x00000000cab00000|  0%| F|  |TAMS 0x00000000caa00000, 0x00000000caa00000| Untracked 
|  19|0x00000000cab00000, 0x00000000cab00000, 0x00000000cac00000|  0%| F|  |TAMS 0x00000000cab00000, 0x00000000cab00000| Untracked 
|  20|0x00000000cac00000, 0x00000000cac00000, 0x00000000cad00000|  0%| F|  |TAMS 0x00000000cac00000, 0x00000000cac00000| Untracked 
|  21|0x00000000cad00000, 0x00000000cad00000, 0x00000000cae00000|  0%| F|  |TAMS 0x00000000cad00000, 0x00000000cad00000| Untracked 
|  22|0x00000000cae00000, 0x00000000cae00000, 0x00000000caf00000|  0%| F|  |TAMS 0x00000000cae00000, 0x00000000cae00000| Untracked 
|  23|0x00000000caf00000, 0x00000000caf00000, 0x00000000cb000000|  0%| F|  |TAMS 0x00000000caf00000, 0x00000000caf00000| Untracked 
|  24|0x00000000cb000000, 0x00000000cb000000, 0x00000000cb100000|  0%| F|  |TAMS 0x00000000cb000000, 0x00000000cb000000| Untracked 
|  25|0x00000000cb100000, 0x00000000cb100000, 0x00000000cb200000|  0%| F|  |TAMS 0x00000000cb100000, 0x00000000cb100000| Untracked 
|  26|0x00000000cb200000, 0x00000000cb200000, 0x00000000cb300000|  0%| F|  |TAMS 0x00000000cb200000, 0x00000000cb200000| Untracked 
|  27|0x00000000cb300000, 0x00000000cb300000, 0x00000000cb400000|  0%| F|  |TAMS 0x00000000cb300000, 0x00000000cb300000| Untracked 
|  28|0x00000000cb400000, 0x00000000cb400000, 0x00000000cb500000|  0%| F|  |TAMS 0x00000000cb400000, 0x00000000cb400000| Untracked 
|  29|0x00000000cb500000, 0x00000000cb500000, 0x00000000cb600000|  0%| F|  |TAMS 0x00000000cb500000, 0x00000000cb500000| Untracked 
|  30|0x00000000cb600000, 0x00000000cb600000, 0x00000000cb700000|  0%| F|  |TAMS 0x00000000cb600000, 0x00000000cb600000| Untracked 
|  31|0x00000000cb700000, 0x00000000cb700000, 0x00000000cb800000|  0%| F|  |TAMS 0x00000000cb700000, 0x00000000cb700000| Untracked 
|  32|0x00000000cb800000, 0x00000000cb800000, 0x00000000cb900000|  0%| F|  |TAMS 0x00000000cb800000, 0x00000000cb800000| Untracked 
|  33|0x00000000cb900000, 0x00000000cb900000, 0x00000000cba00000|  0%| F|  |TAMS 0x00000000cb900000, 0x00000000cb900000| Untracked 
|  34|0x00000000cba00000, 0x00000000cba00000, 0x00000000cbb00000|  0%| F|  |TAMS 0x00000000cba00000, 0x00000000cba00000| Untracked 
|  35|0x00000000cbb00000, 0x00000000cbb00000, 0x00000000cbc00000|  0%| F|  |TAMS 0x00000000cbb00000, 0x00000000cbb00000| Untracked 
|  36|0x00000000cbc00000, 0x00000000cbc00000, 0x00000000cbd00000|  0%| F|  |TAMS 0x00000000cbc00000, 0x00000000cbc00000| Untracked 
|  37|0x00000000cbd00000, 0x00000000cbd00000, 0x00000000cbe00000|  0%| F|  |TAMS 0x00000000cbd00000, 0x00000000cbd00000| Untracked 
|  38|0x00000000cbe00000, 0x00000000cbe00000, 0x00000000cbf00000|  0%| F|  |TAMS 0x00000000cbe00000, 0x00000000cbe00000| Untracked 
|  39|0x00000000cbf00000, 0x00000000cbf00000, 0x00000000cc000000|  0%| F|  |TAMS 0x00000000cbf00000, 0x00000000cbf00000| Untracked 
|  40|0x00000000cc000000, 0x00000000cc000000, 0x00000000cc100000|  0%| F|  |TAMS 0x00000000cc000000, 0x00000000cc000000| Untracked 
|  41|0x00000000cc100000, 0x00000000cc100000, 0x00000000cc200000|  0%| F|  |TAMS 0x00000000cc100000, 0x00000000cc100000| Untracked 
|  42|0x00000000cc200000, 0x00000000cc200000, 0x00000000cc300000|  0%| F|  |TAMS 0x00000000cc200000, 0x00000000cc200000| Untracked 
|  43|0x00000000cc300000, 0x00000000cc300000, 0x00000000cc400000|  0%| F|  |TAMS 0x00000000cc300000, 0x00000000cc300000| Untracked 
|  44|0x00000000cc400000, 0x00000000cc400000, 0x00000000cc500000|  0%| F|  |TAMS 0x00000000cc400000, 0x00000000cc400000| Untracked 
|  45|0x00000000cc500000, 0x00000000cc500000, 0x00000000cc600000|  0%| F|  |TAMS 0x00000000cc500000, 0x00000000cc500000| Untracked 
|  46|0x00000000cc600000, 0x00000000cc600000, 0x00000000cc700000|  0%| F|  |TAMS 0x00000000cc600000, 0x00000000cc600000| Untracked 
|  47|0x00000000cc700000, 0x00000000cc700000, 0x00000000cc800000|  0%| F|  |TAMS 0x00000000cc700000, 0x00000000cc700000| Untracked 
|  48|0x00000000cc800000, 0x00000000cc800000, 0x00000000cc900000|  0%| F|  |TAMS 0x00000000cc800000, 0x00000000cc800000| Untracked 
|  49|0x00000000cc900000, 0x00000000cc9906f8, 0x00000000cca00000| 56%| E|  |TAMS 0x00000000cc900000, 0x00000000cc900000| Complete 
|  50|0x00000000cca00000, 0x00000000ccb00000, 0x00000000ccb00000|100%| E|CS|TAMS 0x00000000cca00000, 0x00000000cca00000| Complete 
|  51|0x00000000ccb00000, 0x00000000ccc00000, 0x00000000ccc00000|100%| E|CS|TAMS 0x00000000ccb00000, 0x00000000ccb00000| Complete 
|  52|0x00000000ccc00000, 0x00000000ccd00000, 0x00000000ccd00000|100%| E|CS|TAMS 0x00000000ccc00000, 0x00000000ccc00000| Complete 
|  53|0x00000000ccd00000, 0x00000000cce00000, 0x00000000cce00000|100%| E|CS|TAMS 0x00000000ccd00000, 0x00000000ccd00000| Complete 
|  54|0x00000000cce00000, 0x00000000ccf00000, 0x00000000ccf00000|100%| E|CS|TAMS 0x00000000cce00000, 0x00000000cce00000| Complete 
|  55|0x00000000ccf00000, 0x00000000cd000000, 0x00000000cd000000|100%| E|CS|TAMS 0x00000000ccf00000, 0x00000000ccf00000| Complete 
| 870|0x00000000ffe00000, 0x00000000ffe47000, 0x00000000fff00000| 27%|OA|  |TAMS 0x00000000ffe00000, 0x00000000ffe00000| Untracked 
| 871|0x00000000fff00000, 0x00000000fff6b000, 0x0000000100000000| 41%|CA|  |TAMS 0x00000000fff00000, 0x00000000fff00000| Untracked 

Card table byte_map: [0x00007fbe0ac4e000,0x00007fbe0ae02000] _byte_map_base: 0x00007fbe0a602000

Marking Bits (Prev, Next): (CMBitMap*) 0x00007fbe04044038, (CMBitMap*) 0x00007fbe04044070
 Prev Bits: [0x00007fbe09cfa000, 0x00007fbe0aa9a000)
 Next Bits: [0x00007fbe08f5a000, 0x00007fbe09cfa000)

Polling page: 0x00007fbe0cf82000

Metaspace:

Usage:
  Non-class:      4,69 MB capacity,     2,90 MB ( 62%) used,     1,79 MB ( 38%) free+waste,     3,50 KB ( <1%) overhead. 
      Class:    516,00 KB capacity,   311,26 KB ( 60%) used,   202,74 KB ( 39%) free+waste,     2,00 KB ( <1%) overhead. 
       Both:      5,20 MB capacity,     3,21 MB ( 62%) used,     1,98 MB ( 38%) free+waste,     5,50 KB ( <1%) overhead. 

Virtual space:
  Non-class space:        8,00 MB reserved,       4,75 MB ( 59%) committed 
      Class space:        1,00 GB reserved,     640,00 KB ( <1%) committed 
             Both:        1,01 GB reserved,       5,38 MB ( <1%) committed 

Chunk freelists:
   Non-Class:  51,00 KB
       Class:  28,00 KB
        Both:  79,00 KB

MaxMetaspaceSize: unlimited
CompressedClassSpaceSize: 1,00 GB

CodeHeap 'non-profiled nmethods': size=120036Kb used=178Kb max_used=178Kb free=119858Kb
 bounds [0x00007fbdf433f000, 0x00007fbdf45af000, 0x00007fbdfb878000]
CodeHeap 'profiled nmethods': size=120032Kb used=876Kb max_used=876Kb free=119155Kb
 bounds [0x00007fbdece07000, 0x00007fbded077000, 0x00007fbdf433f000]
CodeHeap 'non-nmethods': size=5692Kb used=1124Kb max_used=1144Kb free=4567Kb
 bounds [0x00007fbdec878000, 0x00007fbdecae8000, 0x00007fbdece07000]
 total_blobs=864 nmethods=509 adapters=276
 compilation: enabled
              stopped_count=0, restarted_count=0
 full_count=0

Compilation events (20 events):
Event: 4,457 Thread 0x00007fbe0412b000 nmethod 500 0x00007fbdeced7190 code [0x00007fbdeced7680, 0x00007fbdeced9940]
Event: 4,457 Thread 0x00007fbe0412b000  503       3       org.eclipse.jdt.launching.internal.org.objectweb.asm.SymbolTable::addConstantNameAndType (137 bytes)
Event: 4,458 Thread 0x00007fbe0412b000 nmethod 503 0x00007fbdeceda910 code [0x00007fbdecedab80, 0x00007fbdecedb340]
Event: 4,458 Thread 0x00007fbe0412b000  504       3       org.eclipse.jdt.launching.internal.org.objectweb.asm.ClassReader::readConst (276 bytes)
Event: 4,463 Thread 0x00007fbe0412b000 nmethod 504 0x00007fbdecedb810 code [0x00007fbdecedbd20, 0x00007fbdecede6c0]
Event: 4,463 Thread 0x00007fbe0412b000  499       3       org.eclipse.jdt.launching.internal.org.objectweb.asm.SymbolTable$Entry::<init> (18 bytes)
Event: 4,463 Thread 0x00007fbe0412b000 nmethod 499 0x00007fbdecedf890 code [0x00007fbdecedfa40, 0x00007fbdecedfbe0]
Event: 4,463 Thread 0x00007fbe0412b000  505       3       org.eclipse.jdt.launching.internal.org.objectweb.asm.Handler::getExceptionTableSize (10 bytes)
Event: 4,464 Thread 0x00007fbe0412b000 nmethod 505 0x00007fbdecedfc90 code [0x00007fbdecedfe40, 0x00007fbdecee0030]
Event: 4,473 Thread 0x00007fbe04129000 nmethod 501 0x00007fbdf4367690 code [0x00007fbdf4367860, 0x00007fbdf4367ec8]
Event: 4,474 Thread 0x00007fbe04129000  502       4       org.eclipse.jdt.launching.internal.org.objectweb.asm.ByteVector::putByte (39 bytes)
Event: 4,476 Thread 0x00007fbe04129000 nmethod 502 0x00007fbdf4368290 code [0x00007fbdf4368440, 0x00007fbdf43685c8]
Event: 4,493 Thread 0x00007fbe0412b000  506       3       org.eclipse.jdt.launching.internal.org.objectweb.asm.AnnotationWriter::putAnnotations (67 bytes)
Event: 4,495 Thread 0x00007fbe0412b000 nmethod 506 0x00007fbdecee0190 code [0x00007fbdecee03c0, 0x00007fbdecee07f0]
Event: 7,910 Thread 0x00007fbe0412b000  507       3       java.lang.String::endsWith (15 bytes)
Event: 7,911 Thread 0x00007fbe0412b000 nmethod 507 0x00007fbdecee0a90 code [0x00007fbdecee0c80, 0x00007fbdecee0fc0]
Event: 10,587 Thread 0x00007fbe04129000  508       4       org.eclipse.jdt.launching.internal.org.objectweb.asm.SymbolTable::addConstantUtf8 (98 bytes)
Event: 10,724 Thread 0x00007fbe04129000 nmethod 508 0x00007fbdf4368710 code [0x00007fbdf4368940, 0x00007fbdf436ab48]
Event: 13,361 Thread 0x00007fbe0412b000  509       3       java.lang.String::indexOf (113 bytes)
Event: 13,362 Thread 0x00007fbe0412b000 nmethod 509 0x00007fbdecee1190 code [0x00007fbdecee1420, 0x00007fbdecee1e60]

GC Heap History (0 events):
No events

Deoptimization events (20 events):
Event: 1,739 Thread 0x00007fbe04018000 DEOPT PACKING pc=0x00007fbdece80b6a sp=0x00007fbe0b74f640
Event: 1,739 Thread 0x00007fbe04018000 DEOPT UNPACKING pc=0x00007fbdec8aebca sp=0x00007fbe0b74eb28 mode 0
Event: 1,744 Thread 0x00007fbe04018000 DEOPT PACKING pc=0x00007fbdece80b6a sp=0x00007fbe0b74f5c0
Event: 1,744 Thread 0x00007fbe04018000 DEOPT UNPACKING pc=0x00007fbdec8aebca sp=0x00007fbe0b74eaa8 mode 0
Event: 1,745 Thread 0x00007fbe04018000 DEOPT PACKING pc=0x00007fbdece80d9f sp=0x00007fbe0b74f5c0
Event: 1,745 Thread 0x00007fbe04018000 DEOPT UNPACKING pc=0x00007fbdec8aebca sp=0x00007fbe0b74eaa8 mode 0
Event: 1,747 Thread 0x00007fbe04018000 DEOPT PACKING pc=0x00007fbdece80d9f sp=0x00007fbe0b74f690
Event: 1,747 Thread 0x00007fbe04018000 DEOPT UNPACKING pc=0x00007fbdec8aebca sp=0x00007fbe0b74eb78 mode 0
Event: 1,756 Thread 0x00007fbe04018000 DEOPT PACKING pc=0x00007fbdece80d9f sp=0x00007fbe0b74e0c0
Event: 1,757 Thread 0x00007fbe04018000 DEOPT UNPACKING pc=0x00007fbdec8aebca sp=0x00007fbe0b74d5a8 mode 0
Event: 1,757 Thread 0x00007fbe04018000 DEOPT PACKING pc=0x00007fbdece80d9f sp=0x00007fbe0b74e0c0
Event: 1,757 Thread 0x00007fbe04018000 DEOPT UNPACKING pc=0x00007fbdec8aebca sp=0x00007fbe0b74d5a8 mode 0
Event: 1,757 Thread 0x00007fbe04018000 DEOPT PACKING pc=0x00007fbdece80b6a sp=0x00007fbe0b74e0c0
Event: 1,757 Thread 0x00007fbe04018000 DEOPT UNPACKING pc=0x00007fbdec8aebca sp=0x00007fbe0b74d5a8 mode 0
Event: 1,758 Thread 0x00007fbe04018000 DEOPT PACKING pc=0x00007fbdece80b6a sp=0x00007fbe0b74e0c0
Event: 1,758 Thread 0x00007fbe04018000 DEOPT UNPACKING pc=0x00007fbdec8aebca sp=0x00007fbe0b74d5a8 mode 0
Event: 1,761 Thread 0x00007fbe04018000 DEOPT PACKING pc=0x00007fbdece80b6a sp=0x00007fbe0b74f290
Event: 1,761 Thread 0x00007fbe04018000 DEOPT UNPACKING pc=0x00007fbdec8aebca sp=0x00007fbe0b74e778 mode 0
Event: 1,761 Thread 0x00007fbe04018000 DEOPT PACKING pc=0x00007fbdece80d9f sp=0x00007fbe0b74f290
Event: 1,761 Thread 0x00007fbe04018000 DEOPT UNPACKING pc=0x00007fbdec8aebca sp=0x00007fbe0b74e778 mode 0

Classes redefined (0 events):
No events

Internal exceptions (0 events):
No events

Events (20 events):
Event: 44,225 Executing VM operation: GetOrSetLocal
Event: 44,225 Executing VM operation: GetOrSetLocal done
Event: 44,314 Executing VM operation: GetFrameCount
Event: 44,315 Executing VM operation: GetFrameCount done
Event: 44,315 Executing VM operation: GetStackTrace
Event: 44,315 Executing VM operation: GetStackTrace done
Event: 44,344 Executing VM operation: GetFrameLocation
Event: 44,344 Executing VM operation: GetFrameLocation done
Event: 44,345 Executing VM operation: GetOrSetLocal
Event: 44,345 Executing VM operation: GetOrSetLocal done
Event: 46,588 Executing VM operation: ChangeBreakpoints
Event: 46,589 Executing VM operation: ChangeBreakpoints done
Event: 52,288 Executing VM operation: ChangeBreakpoints
Event: 52,288 Executing VM operation: ChangeBreakpoints done
Event: 56,492 Executing VM operation: ChangeBreakpoints
Event: 56,492 Executing VM operation: ChangeBreakpoints done
Event: 57,471 Executing VM operation: ChangeBreakpoints
Event: 57,472 Executing VM operation: ChangeBreakpoints done
Event: 58,746 Thread 0x00007fbda8001800 Thread exited: 0x00007fbda8001800
Event: 58,762 loading class jdk/internal/misc/Signal$1


Dynamic libraries:
c9800000-cd000000 rw-p 00000000 00:00 0 
cd000000-ffe00000 ---p 00000000 00:00 0 
ffe00000-ffe47000 rw-p 01111000 08:07 272195                             /usr/lib/jvm/java-11-openjdk-amd64/lib/server/classes.jsa
ffe47000-fff00000 rw-p 00000000 00:00 0 
fff00000-fff6b000 rw-p 010a6000 08:07 272195                             /usr/lib/jvm/java-11-openjdk-amd64/lib/server/classes.jsa
fff6b000-100000000 rw-p 00000000 00:00 0 
800000000-800002000 rwxp 00001000 08:07 272195                           /usr/lib/jvm/java-11-openjdk-amd64/lib/server/classes.jsa
800002000-8010a5000 rw-p 00003000 08:07 272195                           /usr/lib/jvm/java-11-openjdk-amd64/lib/server/classes.jsa
840000000-8400a0000 rw-p 00000000 00:00 0 
8400a0000-880000000 ---p 00000000 00:00 0 
555e2a6fe000-555e2a6ff000 r--p 00000000 08:07 271988                     /usr/lib/jvm/java-11-openjdk-amd64/bin/java
555e2a6ff000-555e2a700000 r-xp 00001000 08:07 271988                     /usr/lib/jvm/java-11-openjdk-amd64/bin/java
555e2a700000-555e2a701000 r--p 00002000 08:07 271988                     /usr/lib/jvm/java-11-openjdk-amd64/bin/java
555e2a701000-555e2a702000 r--p 00002000 08:07 271988                     /usr/lib/jvm/java-11-openjdk-amd64/bin/java
555e2a702000-555e2a703000 rw-p 00003000 08:07 271988                     /usr/lib/jvm/java-11-openjdk-amd64/bin/java
555e2bc76000-555e2bc97000 rw-p 00000000 00:00 0                          [heap]
7fbda0000000-7fbda0021000 rw-p 00000000 00:00 0 
7fbda0021000-7fbda4000000 ---p 00000000 00:00 0 
7fbda4000000-7fbda4021000 rw-p 00000000 00:00 0 
7fbda4021000-7fbda8000000 ---p 00000000 00:00 0 
7fbda8000000-7fbda8021000 rw-p 00000000 00:00 0 
7fbda8021000-7fbdac000000 ---p 00000000 00:00 0 
7fbdac000000-7fbdac021000 rw-p 00000000 00:00 0 
7fbdac021000-7fbdb0000000 ---p 00000000 00:00 0 
7fbdb0000000-7fbdb0021000 rw-p 00000000 00:00 0 
7fbdb0021000-7fbdb4000000 ---p 00000000 00:00 0 
7fbdb4000000-7fbdb4021000 rw-p 00000000 00:00 0 
7fbdb4021000-7fbdb8000000 ---p 00000000 00:00 0 
7fbdb8000000-7fbdb84d5000 rw-p 00000000 00:00 0 
7fbdb84d5000-7fbdbc000000 ---p 00000000 00:00 0 
7fbdbc000000-7fbdbc4b3000 rw-p 00000000 00:00 0 
7fbdbc4b3000-7fbdc0000000 ---p 00000000 00:00 0 
7fbdc0000000-7fbdc0021000 rw-p 00000000 00:00 0 
7fbdc0021000-7fbdc4000000 ---p 00000000 00:00 0 
7fbdc4000000-7fbdc4021000 rw-p 00000000 00:00 0 
7fbdc4021000-7fbdc8000000 ---p 00000000 00:00 0 
7fbdc8000000-7fbdc8021000 rw-p 00000000 00:00 0 
7fbdc8021000-7fbdcc000000 ---p 00000000 00:00 0 
7fbdcc000000-7fbdcc021000 rw-p 00000000 00:00 0 
7fbdcc021000-7fbdd0000000 ---p 00000000 00:00 0 
7fbdd0000000-7fbdd0021000 rw-p 00000000 00:00 0 
7fbdd0021000-7fbdd4000000 ---p 00000000 00:00 0 
7fbdd4000000-7fbdd4042000 rw-p 00000000 00:00 0 
7fbdd4042000-7fbdd8000000 ---p 00000000 00:00 0 
7fbdd8000000-7fbdd8021000 rw-p 00000000 00:00 0 
7fbdd8021000-7fbddc000000 ---p 00000000 00:00 0 
7fbddd20c000-7fbddd20d000 ---p 00000000 00:00 0 
7fbddd20d000-7fbddd30e000 rw-p 00000000 00:00 0 
7fbddd30e000-7fbddd312000 ---p 00000000 00:00 0 
7fbddd312000-7fbddd40f000 rw-p 00000000 00:00 0 
7fbddd40f000-7fbddd413000 ---p 00000000 00:00 0 
7fbddd413000-7fbddd510000 rw-p 00000000 00:00 0 
7fbddd510000-7fbddd514000 ---p 00000000 00:00 0 
7fbddd514000-7fbddd611000 rw-p 00000000 00:00 0 
7fbddd611000-7fbddd615000 ---p 00000000 00:00 0 
7fbddd615000-7fbddd712000 rw-p 00000000 00:00 0 
7fbddd712000-7fbddd716000 ---p 00000000 00:00 0 
7fbddd716000-7fbddd813000 rw-p 00000000 00:00 0 
7fbddd813000-7fbdde000000 r--p 00000000 08:07 266917                     /usr/lib/locale/locale-archive
7fbdde000000-7fbde0000000 rw-p 00000000 00:00 0 
7fbde0000000-7fbde0021000 rw-p 00000000 00:00 0 
7fbde0021000-7fbde4000000 ---p 00000000 00:00 0 
7fbde4000000-7fbde4021000 rw-p 00000000 00:00 0 
7fbde4021000-7fbde8000000 ---p 00000000 00:00 0 
7fbde8000000-7fbde8021000 rw-p 00000000 00:00 0 
7fbde8021000-7fbdec000000 ---p 00000000 00:00 0 
7fbdec049000-7fbdec051000 r--p 00000000 08:07 272062                     /usr/lib/jvm/java-11-openjdk-amd64/lib/libsunec.so
7fbdec051000-7fbdec06a000 r-xp 00008000 08:07 272062                     /usr/lib/jvm/java-11-openjdk-amd64/lib/libsunec.so
7fbdec06a000-7fbdec074000 r--p 00021000 08:07 272062                     /usr/lib/jvm/java-11-openjdk-amd64/lib/libsunec.so
7fbdec074000-7fbdec075000 ---p 0002b000 08:07 272062                     /usr/lib/jvm/java-11-openjdk-amd64/lib/libsunec.so
7fbdec075000-7fbdec079000 r--p 0002b000 08:07 272062                     /usr/lib/jvm/java-11-openjdk-amd64/lib/libsunec.so
7fbdec079000-7fbdec07b000 rw-p 0002f000 08:07 272062                     /usr/lib/jvm/java-11-openjdk-amd64/lib/libsunec.so
7fbdec07b000-7fbdec07f000 r--p 00000000 08:07 272056                     /usr/lib/jvm/java-11-openjdk-amd64/lib/libnet.so
7fbdec07f000-7fbdec08e000 r-xp 00004000 08:07 272056                     /usr/lib/jvm/java-11-openjdk-amd64/lib/libnet.so
7fbdec08e000-7fbdec092000 r--p 00013000 08:07 272056                     /usr/lib/jvm/java-11-openjdk-amd64/lib/libnet.so
7fbdec092000-7fbdec093000 r--p 00016000 08:07 272056                     /usr/lib/jvm/java-11-openjdk-amd64/lib/libnet.so
7fbdec093000-7fbdec094000 rw-p 00017000 08:07 272056                     /usr/lib/jvm/java-11-openjdk-amd64/lib/libnet.so
7fbdec094000-7fbdec098000 ---p 00000000 00:00 0 
7fbdec098000-7fbdec195000 rw-p 00000000 00:00 0 
7fbdec195000-7fbdec199000 ---p 00000000 00:00 0 
7fbdec199000-7fbdec296000 rw-p 00000000 00:00 0 
7fbdec296000-7fbdec29a000 ---p 00000000 00:00 0 
7fbdec29a000-7fbdec397000 rw-p 00000000 00:00 0 
7fbdec397000-7fbdec39b000 ---p 00000000 00:00 0 
7fbdec39b000-7fbdec498000 rw-p 00000000 00:00 0 
7fbdec498000-7fbdec49c000 ---p 00000000 00:00 0 
7fbdec49c000-7fbdec599000 rw-p 00000000 00:00 0 
7fbdec599000-7fbdec59d000 ---p 00000000 00:00 0 
7fbdec59d000-7fbdec69a000 rw-p 00000000 00:00 0 
7fbdec69a000-7fbdec69b000 ---p 00000000 00:00 0 
7fbdec69b000-7fbdec878000 rw-p 00000000 00:00 0 
7fbdec878000-7fbdecae8000 rwxp 00000000 00:00 0 
7fbdecae8000-7fbdece07000 ---p 00000000 00:00 0 
7fbdece07000-7fbded077000 rwxp 00000000 00:00 0 
7fbded077000-7fbdf433f000 ---p 00000000 00:00 0 
7fbdf433f000-7fbdf45af000 rwxp 00000000 00:00 0 
7fbdf45af000-7fbdfb878000 ---p 00000000 00:00 0 
7fbe04000000-7fbe04303000 rw-p 00000000 00:00 0 
7fbe04303000-7fbe08000000 ---p 00000000 00:00 0 
7fbe0800e000-7fbe08015000 r--p 00000000 08:07 272057                     /usr/lib/jvm/java-11-openjdk-amd64/lib/libnio.so
7fbe08015000-7fbe0801d000 r-xp 00007000 08:07 272057                     /usr/lib/jvm/java-11-openjdk-amd64/lib/libnio.so
7fbe0801d000-7fbe08020000 r--p 0000f000 08:07 272057                     /usr/lib/jvm/java-11-openjdk-amd64/lib/libnio.so
7fbe08020000-7fbe08021000 r--p 00011000 08:07 272057                     /usr/lib/jvm/java-11-openjdk-amd64/lib/libnio.so
7fbe08021000-7fbe08022000 rw-p 00012000 08:07 272057                     /usr/lib/jvm/java-11-openjdk-amd64/lib/libnio.so
7fbe08022000-7fbe08024000 r--p 00000000 08:07 272037                     /usr/lib/jvm/java-11-openjdk-amd64/lib/libdt_socket.so
7fbe08024000-7fbe08027000 r-xp 00002000 08:07 272037                     /usr/lib/jvm/java-11-openjdk-amd64/lib/libdt_socket.so
7fbe08027000-7fbe08028000 r--p 00005000 08:07 272037                     /usr/lib/jvm/java-11-openjdk-amd64/lib/libdt_socket.so
7fbe08028000-7fbe08029000 ---p 00006000 08:07 272037                     /usr/lib/jvm/java-11-openjdk-amd64/lib/libdt_socket.so
7fbe08029000-7fbe0802a000 r--p 00006000 08:07 272037                     /usr/lib/jvm/java-11-openjdk-amd64/lib/libdt_socket.so
7fbe0802a000-7fbe0802b000 rw-p 00007000 08:07 272037                     /usr/lib/jvm/java-11-openjdk-amd64/lib/libdt_socket.so
7fbe0802b000-7fbe08032000 r--s 00000000 08:07 683234                     /usr/lib/x86_64-linux-gnu/gconv/gconv-modules.cache
7fbe08032000-7fbe084f2000 rw-p 00000000 00:00 0 
7fbe084f2000-7fbe08832000 ---p 00000000 00:00 0 
7fbe08832000-7fbe08833000 ---p 00000000 00:00 0 
7fbe08833000-7fbe08934000 rw-p 00000000 00:00 0 
7fbe08934000-7fbe08935000 ---p 00000000 00:00 0 
7fbe08935000-7fbe08d39000 rw-p 00000000 00:00 0 
7fbe08d39000-7fbe08d3a000 ---p 00000000 00:00 0 
7fbe08d3a000-7fbe08e3b000 rw-p 00000000 00:00 0 
7fbe08e3b000-7fbe08e3c000 ---p 00000000 00:00 0 
7fbe08e3c000-7fbe0903a000 rw-p 00000000 00:00 0 
7fbe0903a000-7fbe09cf2000 ---p 00000000 00:00 0 
7fbe09cf2000-7fbe09dda000 rw-p 00000000 00:00 0 
7fbe09dda000-7fbe0aa92000 ---p 00000000 00:00 0 
7fbe0aa92000-7fbe0aab6000 rw-p 00000000 00:00 0 
7fbe0aab6000-7fbe0ac4d000 ---p 00000000 00:00 0 
7fbe0ac4d000-7fbe0ac6a000 rw-p 00000000 00:00 0 
7fbe0ac6a000-7fbe0ae01000 ---p 00000000 00:00 0 
7fbe0ae01000-7fbe0ae1e000 rw-p 00000000 00:00 0 
7fbe0ae1e000-7fbe0afb5000 ---p 00000000 00:00 0 
7fbe0afb5000-7fbe0b2b9000 rw-p 00000000 00:00 0 
7fbe0b2b9000-7fbe0b2ba000 ---p 00000000 00:00 0 
7fbe0b2ba000-7fbe0b3c0000 rw-p 00000000 00:00 0 
7fbe0b3c0000-7fbe0b4a6000 ---p 00000000 00:00 0 
7fbe0b4a6000-7fbe0b4ab000 rw-p 00000000 00:00 0 
7fbe0b4ab000-7fbe0b591000 ---p 00000000 00:00 0 
7fbe0b591000-7fbe0b596000 rw-p 00000000 00:00 0 
7fbe0b596000-7fbe0b59d000 ---p 00000000 00:00 0 
7fbe0b59d000-7fbe0b5a0000 r--p 00000000 08:07 266074                     /usr/lib/x86_64-linux-gnu/libnss_files-2.31.so
7fbe0b5a0000-7fbe0b5a7000 r-xp 00003000 08:07 266074                     /usr/lib/x86_64-linux-gnu/libnss_files-2.31.so
7fbe0b5a7000-7fbe0b5a9000 r--p 0000a000 08:07 266074                     /usr/lib/x86_64-linux-gnu/libnss_files-2.31.so
7fbe0b5a9000-7fbe0b5aa000 r--p 0000b000 08:07 266074                     /usr/lib/x86_64-linux-gnu/libnss_files-2.31.so
7fbe0b5aa000-7fbe0b5ab000 rw-p 0000c000 08:07 266074                     /usr/lib/x86_64-linux-gnu/libnss_files-2.31.so
7fbe0b5ab000-7fbe0b5b1000 rw-p 00000000 00:00 0 
7fbe0b5b2000-7fbe0b5b4000 r--s 0000c000 08:07 795152                     /usr/share/java/java-atk-wrapper.jar
7fbe0b5b4000-7fbe0b5b6000 r--p 00000000 08:07 272065                     /usr/lib/jvm/java-11-openjdk-amd64/lib/libzip.so
7fbe0b5b6000-7fbe0b5ba000 r-xp 00002000 08:07 272065                     /usr/lib/jvm/java-11-openjdk-amd64/lib/libzip.so
7fbe0b5ba000-7fbe0b5bc000 r--p 00006000 08:07 272065                     /usr/lib/jvm/java-11-openjdk-amd64/lib/libzip.so
7fbe0b5bc000-7fbe0b5bd000 r--p 00007000 08:07 272065                     /usr/lib/jvm/java-11-openjdk-amd64/lib/libzip.so
7fbe0b5bd000-7fbe0b5be000 rw-p 00008000 08:07 272065                     /usr/lib/jvm/java-11-openjdk-amd64/lib/libzip.so
7fbe0b5be000-7fbe0b5c6000 rw-s 00000000 08:07 1311672                    /tmp/hsperfdata_cyprien/130063
7fbe0b5c6000-7fbe0b5c8000 r--p 00000000 08:07 272040                     /usr/lib/jvm/java-11-openjdk-amd64/lib/libinstrument.so
7fbe0b5c8000-7fbe0b5ce000 r-xp 00002000 08:07 272040                     /usr/lib/jvm/java-11-openjdk-amd64/lib/libinstrument.so
7fbe0b5ce000-7fbe0b5d1000 r--p 00008000 08:07 272040                     /usr/lib/jvm/java-11-openjdk-amd64/lib/libinstrument.so
7fbe0b5d1000-7fbe0b5d2000 r--p 0000a000 08:07 272040                     /usr/lib/jvm/java-11-openjdk-amd64/lib/libinstrument.so
7fbe0b5d2000-7fbe0b5d3000 rw-p 0000b000 08:07 272040                     /usr/lib/jvm/java-11-openjdk-amd64/lib/libinstrument.so
7fbe0b5d3000-7fbe0b5d5000 r--p 00000000 08:07 272047                     /usr/lib/jvm/java-11-openjdk-amd64/lib/libjdwp.so
7fbe0b5d5000-7fbe0b601000 r-xp 00002000 08:07 272047                     /usr/lib/jvm/java-11-openjdk-amd64/lib/libjdwp.so
7fbe0b601000-7fbe0b60f000 r--p 0002e000 08:07 272047                     /usr/lib/jvm/java-11-openjdk-amd64/lib/libjdwp.so
7fbe0b60f000-7fbe0b610000 r--p 0003b000 08:07 272047                     /usr/lib/jvm/java-11-openjdk-amd64/lib/libjdwp.so
7fbe0b610000-7fbe0b611000 rw-p 0003c000 08:07 272047                     /usr/lib/jvm/java-11-openjdk-amd64/lib/libjdwp.so
7fbe0b611000-7fbe0b613000 r--p 00000000 08:07 272048                     /usr/lib/jvm/java-11-openjdk-amd64/lib/libjimage.so
7fbe0b613000-7fbe0b616000 r-xp 00002000 08:07 272048                     /usr/lib/jvm/java-11-openjdk-amd64/lib/libjimage.so
7fbe0b616000-7fbe0b617000 r--p 00005000 08:07 272048                     /usr/lib/jvm/java-11-openjdk-amd64/lib/libjimage.so
7fbe0b617000-7fbe0b618000 ---p 00006000 08:07 272048                     /usr/lib/jvm/java-11-openjdk-amd64/lib/libjimage.so
7fbe0b618000-7fbe0b619000 r--p 00006000 08:07 272048                     /usr/lib/jvm/java-11-openjdk-amd64/lib/libjimage.so
7fbe0b619000-7fbe0b61a000 rw-p 00007000 08:07 272048                     /usr/lib/jvm/java-11-openjdk-amd64/lib/libjimage.so
7fbe0b61a000-7fbe0b628000 r--p 00000000 08:07 272045                     /usr/lib/jvm/java-11-openjdk-amd64/lib/libjava.so
7fbe0b628000-7fbe0b63e000 r-xp 0000e000 08:07 272045                     /usr/lib/jvm/java-11-openjdk-amd64/lib/libjava.so
7fbe0b63e000-7fbe0b645000 r--p 00024000 08:07 272045                     /usr/lib/jvm/java-11-openjdk-amd64/lib/libjava.so
7fbe0b645000-7fbe0b646000 r--p 0002a000 08:07 272045                     /usr/lib/jvm/java-11-openjdk-amd64/lib/libjava.so
7fbe0b646000-7fbe0b647000 rw-p 0002b000 08:07 272045                     /usr/lib/jvm/java-11-openjdk-amd64/lib/libjava.so
7fbe0b647000-7fbe0b648000 rw-p 00000000 00:00 0 
7fbe0b648000-7fbe0b64b000 r--p 00000000 08:07 266085                     /usr/lib/x86_64-linux-gnu/librt-2.31.so
7fbe0b64b000-7fbe0b64f000 r-xp 00003000 08:07 266085                     /usr/lib/x86_64-linux-gnu/librt-2.31.so
7fbe0b64f000-7fbe0b650000 r--p 00007000 08:07 266085                     /usr/lib/x86_64-linux-gnu/librt-2.31.so
7fbe0b650000-7fbe0b651000 ---p 00008000 08:07 266085                     /usr/lib/x86_64-linux-gnu/librt-2.31.so
7fbe0b651000-7fbe0b652000 r--p 00008000 08:07 266085                     /usr/lib/x86_64-linux-gnu/librt-2.31.so
7fbe0b652000-7fbe0b653000 rw-p 00009000 08:07 266085                     /usr/lib/x86_64-linux-gnu/librt-2.31.so
7fbe0b653000-7fbe0b657000 ---p 00000000 00:00 0 
7fbe0b657000-7fbe0b754000 rw-p 00000000 00:00 0 
7fbe0b754000-7fbe0b757000 r--p 00000000 08:07 263825                     /usr/lib/x86_64-linux-gnu/libgcc_s.so.1
7fbe0b757000-7fbe0b769000 r-xp 00003000 08:07 263825                     /usr/lib/x86_64-linux-gnu/libgcc_s.so.1
7fbe0b769000-7fbe0b76d000 r--p 00015000 08:07 263825                     /usr/lib/x86_64-linux-gnu/libgcc_s.so.1
7fbe0b76d000-7fbe0b76e000 r--p 00018000 08:07 263825                     /usr/lib/x86_64-linux-gnu/libgcc_s.so.1
7fbe0b76e000-7fbe0b76f000 rw-p 00019000 08:07 263825                     /usr/lib/x86_64-linux-gnu/libgcc_s.so.1
7fbe0b76f000-7fbe0b77e000 r--p 00000000 08:07 266058                     /usr/lib/x86_64-linux-gnu/libm-2.31.so
7fbe0b77e000-7fbe0b825000 r-xp 0000f000 08:07 266058                     /usr/lib/x86_64-linux-gnu/libm-2.31.so
7fbe0b825000-7fbe0b8bc000 r--p 000b6000 08:07 266058                     /usr/lib/x86_64-linux-gnu/libm-2.31.so
7fbe0b8bc000-7fbe0b8bd000 r--p 0014c000 08:07 266058                     /usr/lib/x86_64-linux-gnu/libm-2.31.so
7fbe0b8bd000-7fbe0b8be000 rw-p 0014d000 08:07 266058                     /usr/lib/x86_64-linux-gnu/libm-2.31.so
7fbe0b8be000-7fbe0b954000 r--p 00000000 08:07 263811                     /usr/lib/x86_64-linux-gnu/libstdc++.so.6.0.28
7fbe0b954000-7fbe0ba44000 r-xp 00096000 08:07 263811                     /usr/lib/x86_64-linux-gnu/libstdc++.so.6.0.28
7fbe0ba44000-7fbe0ba8d000 r--p 00186000 08:07 263811                     /usr/lib/x86_64-linux-gnu/libstdc++.so.6.0.28
7fbe0ba8d000-7fbe0ba8e000 ---p 001cf000 08:07 263811                     /usr/lib/x86_64-linux-gnu/libstdc++.so.6.0.28
7fbe0ba8e000-7fbe0ba99000 r--p 001cf000 08:07 263811                     /usr/lib/x86_64-linux-gnu/libstdc++.so.6.0.28
7fbe0ba99000-7fbe0ba9c000 rw-p 001da000 08:07 263811                     /usr/lib/x86_64-linux-gnu/libstdc++.so.6.0.28
7fbe0ba9c000-7fbe0ba9f000 rw-p 00000000 00:00 0 
7fbe0ba9f000-7fbe0bd19000 r--p 00000000 08:07 272069                     /usr/lib/jvm/java-11-openjdk-amd64/lib/server/libjvm.so
7fbe0bd19000-7fbe0c99e000 r-xp 0027a000 08:07 272069                     /usr/lib/jvm/java-11-openjdk-amd64/lib/server/libjvm.so
7fbe0c99e000-7fbe0cbf5000 r--p 00eff000 08:07 272069                     /usr/lib/jvm/java-11-openjdk-amd64/lib/server/libjvm.so
7fbe0cbf5000-7fbe0ccb6000 r--p 01155000 08:07 272069                     /usr/lib/jvm/java-11-openjdk-amd64/lib/server/libjvm.so
7fbe0ccb6000-7fbe0ccf1000 rw-p 01216000 08:07 272069                     /usr/lib/jvm/java-11-openjdk-amd64/lib/server/libjvm.so
7fbe0ccf1000-7fbe0cd4a000 rw-p 00000000 00:00 0 
7fbe0cd4a000-7fbe0cd51000 r--p 00000000 08:07 266083                     /usr/lib/x86_64-linux-gnu/libpthread-2.31.so
7fbe0cd51000-7fbe0cd62000 r-xp 00007000 08:07 266083                     /usr/lib/x86_64-linux-gnu/libpthread-2.31.so
7fbe0cd62000-7fbe0cd67000 r--p 00018000 08:07 266083                     /usr/lib/x86_64-linux-gnu/libpthread-2.31.so
7fbe0cd67000-7fbe0cd68000 r--p 0001c000 08:07 266083                     /usr/lib/x86_64-linux-gnu/libpthread-2.31.so
7fbe0cd68000-7fbe0cd69000 rw-p 0001d000 08:07 266083                     /usr/lib/x86_64-linux-gnu/libpthread-2.31.so
7fbe0cd69000-7fbe0cd6d000 rw-p 00000000 00:00 0 
7fbe0cd6d000-7fbe0cd6e000 r--p 00000000 08:07 266056                     /usr/lib/x86_64-linux-gnu/libdl-2.31.so
7fbe0cd6e000-7fbe0cd70000 r-xp 00001000 08:07 266056                     /usr/lib/x86_64-linux-gnu/libdl-2.31.so
7fbe0cd70000-7fbe0cd71000 r--p 00003000 08:07 266056                     /usr/lib/x86_64-linux-gnu/libdl-2.31.so
7fbe0cd71000-7fbe0cd72000 r--p 00003000 08:07 266056                     /usr/lib/x86_64-linux-gnu/libdl-2.31.so
7fbe0cd72000-7fbe0cd73000 rw-p 00004000 08:07 266056                     /usr/lib/x86_64-linux-gnu/libdl-2.31.so
7fbe0cd73000-7fbe0cd75000 r--p 00000000 08:07 261786                     /usr/lib/x86_64-linux-gnu/libz.so.1.2.11
7fbe0cd75000-7fbe0cd86000 r-xp 00002000 08:07 261786                     /usr/lib/x86_64-linux-gnu/libz.so.1.2.11
7fbe0cd86000-7fbe0cd8c000 r--p 00013000 08:07 261786                     /usr/lib/x86_64-linux-gnu/libz.so.1.2.11
7fbe0cd8c000-7fbe0cd8d000 ---p 00019000 08:07 261786                     /usr/lib/x86_64-linux-gnu/libz.so.1.2.11
7fbe0cd8d000-7fbe0cd8e000 r--p 00019000 08:07 261786                     /usr/lib/x86_64-linux-gnu/libz.so.1.2.11
7fbe0cd8e000-7fbe0cd8f000 rw-p 0001a000 08:07 261786                     /usr/lib/x86_64-linux-gnu/libz.so.1.2.11
7fbe0cd8f000-7fbe0cdb4000 r--p 00000000 08:07 264449                     /usr/lib/x86_64-linux-gnu/libc-2.31.so
7fbe0cdb4000-7fbe0cf2c000 r-xp 00025000 08:07 264449                     /usr/lib/x86_64-linux-gnu/libc-2.31.so
7fbe0cf2c000-7fbe0cf76000 r--p 0019d000 08:07 264449                     /usr/lib/x86_64-linux-gnu/libc-2.31.so
7fbe0cf76000-7fbe0cf77000 ---p 001e7000 08:07 264449                     /usr/lib/x86_64-linux-gnu/libc-2.31.so
7fbe0cf77000-7fbe0cf7a000 r--p 001e7000 08:07 264449                     /usr/lib/x86_64-linux-gnu/libc-2.31.so
7fbe0cf7a000-7fbe0cf7d000 rw-p 001ea000 08:07 264449                     /usr/lib/x86_64-linux-gnu/libc-2.31.so
7fbe0cf7d000-7fbe0cf81000 rw-p 00000000 00:00 0 
7fbe0cf82000-7fbe0cf83000 ---p 00000000 00:00 0 
7fbe0cf83000-7fbe0cf84000 r--p 00000000 00:00 0 
7fbe0cf84000-7fbe0cf89000 r--p 00000000 08:07 272064                     /usr/lib/jvm/java-11-openjdk-amd64/lib/libverify.so
7fbe0cf89000-7fbe0cf90000 r-xp 00005000 08:07 272064                     /usr/lib/jvm/java-11-openjdk-amd64/lib/libverify.so
7fbe0cf90000-7fbe0cf92000 r--p 0000c000 08:07 272064                     /usr/lib/jvm/java-11-openjdk-amd64/lib/libverify.so
7fbe0cf92000-7fbe0cf93000 ---p 0000e000 08:07 272064                     /usr/lib/jvm/java-11-openjdk-amd64/lib/libverify.so
7fbe0cf93000-7fbe0cf95000 r--p 0000e000 08:07 272064                     /usr/lib/jvm/java-11-openjdk-amd64/lib/libverify.so
7fbe0cf95000-7fbe0cf96000 rw-p 00010000 08:07 272064                     /usr/lib/jvm/java-11-openjdk-amd64/lib/libverify.so
7fbe0cf96000-7fbe0cf99000 r--p 00000000 08:07 272030                     /usr/lib/jvm/java-11-openjdk-amd64/lib/jli/libjli.so
7fbe0cf99000-7fbe0cfa3000 r-xp 00003000 08:07 272030                     /usr/lib/jvm/java-11-openjdk-amd64/lib/jli/libjli.so
7fbe0cfa3000-7fbe0cfa6000 r--p 0000d000 08:07 272030                     /usr/lib/jvm/java-11-openjdk-amd64/lib/jli/libjli.so
7fbe0cfa6000-7fbe0cfa7000 ---p 00010000 08:07 272030                     /usr/lib/jvm/java-11-openjdk-amd64/lib/jli/libjli.so
7fbe0cfa7000-7fbe0cfa8000 r--p 00010000 08:07 272030                     /usr/lib/jvm/java-11-openjdk-amd64/lib/jli/libjli.so
7fbe0cfa8000-7fbe0cfa9000 rw-p 00011000 08:07 272030                     /usr/lib/jvm/java-11-openjdk-amd64/lib/jli/libjli.so
7fbe0cfa9000-7fbe0cfab000 rw-p 00000000 00:00 0 
7fbe0cfab000-7fbe0cfac000 r--p 00000000 08:07 264445                     /usr/lib/x86_64-linux-gnu/ld-2.31.so
7fbe0cfac000-7fbe0cfcf000 r-xp 00001000 08:07 264445                     /usr/lib/x86_64-linux-gnu/ld-2.31.so
7fbe0cfcf000-7fbe0cfd7000 r--p 00024000 08:07 264445                     /usr/lib/x86_64-linux-gnu/ld-2.31.so
7fbe0cfd8000-7fbe0cfd9000 r--p 0002c000 08:07 264445                     /usr/lib/x86_64-linux-gnu/ld-2.31.so
7fbe0cfd9000-7fbe0cfda000 rw-p 0002d000 08:07 264445                     /usr/lib/x86_64-linux-gnu/ld-2.31.so
7fbe0cfda000-7fbe0cfdb000 rw-p 00000000 00:00 0 
7fffa49b9000-7fffa49db000 rw-p 00000000 00:00 0                          [stack]
7fffa49e7000-7fffa49eb000 r--p 00000000 00:00 0                          [vvar]
7fffa49eb000-7fffa49ed000 r-xp 00000000 00:00 0                          [vdso]
ffffffffff600000-ffffffffff601000 --xp 00000000 00:00 0                  [vsyscall]


VM Arguments:
jvm_args: -agentlib:jdwp=transport=dt_socket,suspend=y,address=localhost:42637 -javaagent:/home/cyprien/.eclipse/360744286_linux_gtk_x86_64/configuration/org.eclipse.osgi/222/0/.cp/lib/javaagent-shaded.jar -Dfile.encoding=UTF-8 
java_command: Tests.TestParseur
java_class_path (initial): /home/cyprien/Projet_PLA/pla/Automata/bin
Launcher Type: SUN_STANDARD

[Global flags]
     intx CICompilerCount                          = 2                                         {product} {ergonomic}
     uint ConcGCThreads                            = 1                                         {product} {ergonomic}
     uint G1ConcRefinementThreads                  = 3                                         {product} {ergonomic}
   size_t G1HeapRegionSize                         = 1048576                                   {product} {ergonomic}
    uintx GCDrainStackTargetSize                   = 64                                        {product} {ergonomic}
   size_t InitialHeapSize                          = 58720256                                  {product} {ergonomic}
   size_t MarkStackSize                            = 4194304                                   {product} {ergonomic}
   size_t MaxHeapSize                              = 914358272                                 {product} {ergonomic}
   size_t MaxNewSize                               = 548405248                                 {product} {ergonomic}
   size_t MinHeapDeltaBytes                        = 1048576                                   {product} {ergonomic}
    uintx NonNMethodCodeHeapSize                   = 5825164                                {pd product} {ergonomic}
    uintx NonProfiledCodeHeapSize                  = 122916538                              {pd product} {ergonomic}
    uintx ProfiledCodeHeapSize                     = 122916538                              {pd product} {ergonomic}
    uintx ReservedCodeCacheSize                    = 251658240                              {pd product} {ergonomic}
     bool SegmentedCodeCache                       = true                                      {product} {ergonomic}
     bool UseCompressedClassPointers               = true                                 {lp64_product} {ergonomic}
     bool UseCompressedOops                        = true                                 {lp64_product} {ergonomic}
     bool UseG1GC                                  = true                                      {product} {ergonomic}

Logging:
Log output configuration:
 #0: stdout all=warning uptime,level,tags
 #1: stderr all=off uptime,level,tags

Environment Variables:
PATH=/home/cyprien/Projet_PLA/lv6-bin-dist//bin:/opt/lustre/bin:/usr/local/sbin:/usr/local/bin:/usr/sbin:/usr/bin:/sbin:/bin:/usr/games:/usr/local/games:/snap/bin:/opt/lustre/esterelv5_21.linux/bin
USERNAME=cyprien
LD_LIBRARY_PATH=:/opt/lustre/esterelv5_21.linux/lib
SHELL=/bin/bash
DISPLAY=:0
LANG=en_GB.UTF-8

Signal Handlers:
SIGSEGV: [libjvm.so+0xe8ba00], sa_mask[0]=11111111011111111101111111111110, sa_flags=SA_RESTART|SA_SIGINFO
SIGBUS: [libjvm.so+0xe8ba00], sa_mask[0]=11111111011111111101111111111110, sa_flags=SA_RESTART|SA_SIGINFO
SIGFPE: [libjvm.so+0xe8ba00], sa_mask[0]=11111111011111111101111111111110, sa_flags=SA_RESTART|SA_SIGINFO
SIGPIPE: [libjvm.so+0xbd10f0], sa_mask[0]=11111111011111111101111111111110, sa_flags=SA_RESTART|SA_SIGINFO
SIGXFSZ: [libjvm.so+0xbd10f0], sa_mask[0]=11111111011111111101111111111110, sa_flags=SA_RESTART|SA_SIGINFO
SIGILL: [libjvm.so+0xe8ba00], sa_mask[0]=11111111011111111101111111111110, sa_flags=SA_RESTART|SA_SIGINFO
SIGUSR2: [libjvm.so+0xbd0f90], sa_mask[0]=00100000000000000000000000000000, sa_flags=SA_RESTART|SA_SIGINFO
SIGHUP: [libjvm.so+0xbd1430], sa_mask[0]=11111111011111111101111111111110, sa_flags=SA_RESTART|SA_SIGINFO
SIGINT: [libjvm.so+0xbd1430], sa_mask[0]=11111111011111111101111111111110, sa_flags=SA_RESTART|SA_SIGINFO
SIGTERM: [libjvm.so+0xbd1430], sa_mask[0]=11111111011111111101111111111110, sa_flags=SA_RESTART|SA_SIGINFO
SIGQUIT: [libjvm.so+0xbd1430], sa_mask[0]=11111111011111111101111111111110, sa_flags=SA_RESTART|SA_SIGINFO


---------------  S Y S T E M  ---------------

OS:DISTRIB_ID=Ubuntu
DISTRIB_RELEASE=20.04
DISTRIB_CODENAME=focal
DISTRIB_DESCRIPTION="Ubuntu 20.04.2 LTS"
uname:Linux 5.8.0-53-generic #60~20.04.1-Ubuntu SMP Thu May 6 09:52:46 UTC 2021 x86_64
OS uptime: 1 days 1:30 hours
libc:glibc 2.31 NPTL 2.31 
rlimit (soft/hard): STACK 8192k/infinity , CORE 0k/infinity , NPROC 13704/13704 , NOFILE 1048576/1048576 , AS infinity/infinity , CPU infinity/infinity , DATA infinity/infinity , FSIZE infinity/infinity , MEMLOCK 65536k/65536k
load average:0,59 0,72 0,61

/proc/meminfo:
MemTotal:        3567440 kB
MemFree:           84468 kB
MemAvailable:     972756 kB
Buffers:           58740 kB
Cached:           977668 kB
SwapCached:         8376 kB
Active:          2269320 kB
Inactive:         904524 kB
Active(anon):    1755852 kB
Inactive(anon):   433264 kB
Active(file):     513468 kB
Inactive(file):   471260 kB
Unevictable:         208 kB
Mlocked:             208 kB
SwapTotal:       1334420 kB
SwapFree:         381792 kB
Dirty:               180 kB
Writeback:            88 kB
AnonPages:       2129092 kB
Mapped:           320028 kB
Shmem:             51780 kB
KReclaimable:      82164 kB
Slab:             203568 kB
SReclaimable:      82164 kB
SUnreclaim:       121404 kB
KernelStack:       14332 kB
PageTables:        28608 kB
NFS_Unstable:          0 kB
Bounce:                0 kB
WritebackTmp:          0 kB
CommitLimit:     3118140 kB
Committed_AS:    7544396 kB
VmallocTotal:   34359738367 kB
VmallocUsed:       54604 kB
VmallocChunk:          0 kB
Percpu:             3776 kB
HardwareCorrupted:     0 kB
AnonHugePages:         0 kB
ShmemHugePages:        0 kB
ShmemPmdMapped:        0 kB
FileHugePages:         0 kB
FilePmdMapped:         0 kB
HugePages_Total:       0
HugePages_Free:        0
HugePages_Rsvd:        0
HugePages_Surp:        0
Hugepagesize:       2048 kB
Hugetlb:               0 kB
DirectMap4k:      298944 kB
DirectMap2M:     3358720 kB

/sys/kernel/mm/transparent_hugepage/enabled:
always [madvise] never
/sys/kernel/mm/transparent_hugepage/defrag (defrag/compaction efforts parameter):
always defer defer+madvise [madvise] never

Process Memory:
Virtual Size: 3586944K (peak: 12279940K)
Resident Set Size: 56444K (peak: 58360K) (anon: 30304K, file: 26140K, shmem: 0K)
Swapped out: 0K
C-Heap outstanding allocations: 3144K

/proc/sys/kernel/threads-max (system-wide limit on the number of threads):
27408
/proc/sys/vm/max_map_count (maximum number of memory map areas a process may have):
65530
/proc/sys/kernel/pid_max (system-wide limit on number of process identifiers):
4194304

container (cgroup) information:
container_type: cgroupv1
cpu_cpuset_cpus: 0-2
cpu_memory_nodes: 0
active_processor_count: 3
cpu_quota: -1
cpu_period: 100000
cpu_shares: -1
memory_limit_in_bytes: -1
memory_and_swap_limit_in_bytes: -1
memory_soft_limit_in_bytes: -1
memory_usage_in_bytes: 2525417472
memory_max_usage_in_bytes: 3049222144

KVM virtualization detected
Steal ticks since vm start: 0
Steal ticks percentage since vm start:  0,000

CPU:total 3 (initial active 3) (3 cores per cpu, 1 threads per core) family 6 model 158 stepping 9 microcode 0x0, cmov, cx8, fxsr, mmx, sse, sse2, sse3, ssse3, sse4.1, sse4.2, popcnt, avx, avx2, aes, clmul, 3dnowpref, lzcnt, tsc, tscinvbit
CPU Model and flags from /proc/cpuinfo:
model name	: Intel(R) Core(TM) i5-7300HQ CPU @ 2.50GHz
flags		: fpu vme de pse tsc msr pae mce cx8 apic sep mtrr pge mca cmov pat pse36 clflush mmx fxsr sse sse2 ht syscall nx rdtscp lm constant_tsc rep_good nopl xtopology nonstop_tsc cpuid tsc_known_freq pni pclmulqdq ssse3 cx16 pcid sse4_1 sse4_2 x2apic movbe popcnt aes xsave avx rdrand hypervisor lahf_lm abm 3dnowprefetch invpcid_single pti fsgsbase avx2 invpcid rdseed clflushopt md_clear flush_l1d
Online cpus:
0-2
Offline cpus:

BIOS frequency limitation:
<Not Available>
Frequency switch latency (ns):
<Not Available>
Available cpu frequencies:
<Not Available>
Current governor:
<Not Available>
Core performance/turbo boost:
<Not Available>

Memory: 4k page, physical 3567440k(84468k free), swap 1334420k(381792k free)

vm_info: OpenJDK 64-Bit Server VM (11.0.11+9-Ubuntu-0ubuntu2.20.04) for linux-amd64 JRE (11.0.11+9-Ubuntu-0ubuntu2.20.04), built on Apr 21 2021 09:15:32 by "unknown" with gcc 9.3.0

END.
